Deleted Containers:
79cc44dc0c5e1ae4c51554a8ed9aea7ac9c6107c323ab28dd7518f0fab021c67
b58be9949e22503427c7df0bdf400f15a326c5c4b4e5c62403a9af11c13eaf8e
3c11a20af451bfa59c624510a7ee8b89c05d58dc8f82982f0cbbc51b4d005e4f
4870d0f30e612153563323f1a9e8d3055a90f4e944c10c7a0bb7224895ab6f97
429225b1ff8a5271d0018b66b139c3f2c97278d757fec45fb358f12c9fded6a1
ee5774c2dd0ecb63c15e036242e448227761d211e053c3b54d88bdd03799df87
577b90e7ec7c0a50fd21de5d2ecaa24d12e2f6f6e35c3c5653d0fb509d6b47f0
8443e2c44a9d6654918fff4e6e715529b7a33b25b1e88736b42ace26cce6ac86
9a429b9a4d02eee7844699d86b31dc1ce9cc16bacca0c1362cd97d2dcb92764a
b63f49242914f55ac2fa892a8c2de3be789e8d4605fb32ee1e99526896c00039
b48137050732a9f30f42ad2ff179f449de9f5abeecbd55b423ff2fff9ac1ef26
c606a8f736814e4344f2f3dbb5a16e548aa65d08015fb7e7f075e1e10f9aa603

Total reclaimed space: 715.8kB
Deleted Containers:
c510f310dbabaa89b9794428bd4d56ad86462b8148d83a3070910cd320084b5c
bb1373217015ca419b643f4d76ae67b307bcf6dc47c500dc73f4c47aeddc2788
a12e8f2fde9aab693c4d1591dd284465186efa8cc7e8cd1ab86c0041a9c17dc3
3a1cca20ee5fc65eedbc97bca1eaae2477a41c1a9b2d41e5d74efb3f9c0eb4d2
e8da183c114fcfcd0e28182c255bec0a7d6390cb42e0957e5b0566960474fa7c
bcde8be2b8651031d11cc314d3f900f7036db4160d8d9ef082d08e028366ab65
2bfa1fcc16ad047c1f11ecfb4977aa0827e5d940fc38e8ac3bd0ece704d5f8a5
bb672ae15ff548e54ba0296a47945af21368505be62a1b79c58a9213cae31973
4e65f2413fcc1b80c8c16c37a09c7141770a74349f984bc2000b2af1b2ab3bab
d3cc474ab7e66fbf1043a8ecce1b0fb754f67c4e2f5c656adc8b6916b40b4b6c
64f68f9af044475eef735ba58ea678a477213b0386ada3e18744c69f66744f2c
02a208f0be29bdb690934c7246378a2ae93da752871a656723b101e88a1da1f8

Total reclaimed space: 715.8kB
Deleted Containers:
d58035adcd030928c2cc36cfa32632e842e3276959ec697dcb092792fc4a85db
e8c246c57a3d3ba0b6c15e6c4b771be6c489bbe7b5d405a4500c74abc60441f9
f881a755984322a1aeaedd3a3e43d5a2f8d629b6c2b9d81f9af09207ef102292
6d71de1e6c80f364c681219cf803804b63e3ca7dff2f6e2babf0425a30115bba
affc470d08043a74edb8204a3ff4b8c9bebc203ed3774e33cce4f02fccafdd76
24682e637bac4453783dfef3b4bb46be46241a43ca8c07fa6daa03607b6131b7
38a96b498ffb55161269eb9d3cec2b8fd24f5119ad1c666f855855334605ed75
f072f8c8f0ec7845b1e168768e0fdac5bb2e4ce2b20f05e29b4ce9090eda254f
4edebad016fce771a005c88742e51cd5a910bbb681126b32b270d3659881189c
57b246dc49536cc3638bab1fe37cd9baa2e1bbe5b3f17a1a04f344477e819fd6
7f59fcb8f023a1bd678c0305c3554001cb454d8db3b08cf84a698a0dccc1c951
3266e46739c2852468246ba50c5b1facb9c9986495911a7417d2559f02da6257

Deleted Images:
deleted: sha256:7de2dd3f2585dd0cc7643d8c323fd290f66c548a1d58907d4d104130443b94a3
deleted: sha256:a2cef591f13fb9d342d9790c4e96bfc1daeed2fd70b552f8fba80ed787908aba
deleted: sha256:264fe81be6938ef66eaf42552bb5eea46f53a1d7d0a501e06c03de89b47b24db

Total reclaimed space: 3.544MB
Deleted Containers:
c8a3f1266ebb243e89967a3f75a7f34d68870520ae7d84a239831e3e08cff5dd
3c43df7617d13a50ed4ac9172ff0ecd5bca34f23c8969de1a40b79f5e3a669c8
29ad9266b0f449a50d60aeb0db4f2c7a5ae092b7d7a490c97e10ae90e2a94e6d
c13178d00612256a96755b978507709570e9658b7b0a615f80dadbcdedc94504
c77af86c6fac55cf080c0308380ee4f405e240796a7eff9d5c60748c6e64d933
17ef91e5d029e9c2aaa6ff30f27d3156c46d609b79fc8f69919a49464e37c336
0827cea6d94560bdce2af2ea9b27829d5ca0d1c36a283ac543227d800b1a7ee3
3529175edc396d37f3150b8ef16dc6f5aceffca4fedff1706faca16395549d2a
78bae3607eb355ce0858629af88f8580628374bc2c39db9ab63d99b0deeae2dd
c9f337cc5c86af00a96184c12e43118479886674b4d1ee93fc9b84d86ac8ad7a
7412f331de6ea37bd9bc7c20d77bc2e945f2653405f30d7a719b2b5f1d083944
423809760d8a60ad03dae98a6b2f5c6929ce503caa884bdc3bf739a3ac5d5092

Total reclaimed space: 3.628MB
Deleted Containers:
0e392273deb5b568ad464e2418cb3a6583662dbd8dcd0ad99afbf2c81aef1f9f
a5df5d3d9c021635f8985ad787d0bc3d03489b3211bc08de95f5bf138e8ae894
3244d672f1b8137985bd37ddb6196c89f729994573d5bd5cbe76ab2190b6885c

Total reclaimed space: 1.139MB
Deleted Images:
untagged: gunesmes/python-selenium-behave-page-object-docker@sha256:2c2d8a305928d55a27e42cde47131f4aaf5c49fcd2d856a0b0a5391392b9fca5
deleted: sha256:82a6a32da674733d0fce401f77f36d491327d28a7f6aee91ab0b7b07cd7b409d
deleted: sha256:15865bcecc790a66eb14074b06a82705a5bebb191dc5b65eb4b5947e7f5befb1
deleted: sha256:69e1f1bab8bdb79b361f46277e3ad1ece024d1770435abdb5e130704da71b602
deleted: sha256:0f7471be4e3ae433144be31d6e59e2e2624807214af42229cd0dc0fd79cb3d75
deleted: sha256:a984da24130c20ac56251ad535a22162b488f2f49701e9597714e4fe9ac895c1
deleted: sha256:f5b9b3a57ffdb341456d08f02d77ff8422356a10cf5a600d4f7b8fbf23affc1a
deleted: sha256:08e29044ebfa679e960ee5d20022991fc70450471198751992549ac670470f50
deleted: sha256:88729e30bfb88f2939b63e6a422e493b61ecad7aa76260921914962e40ab0f01

Total reclaimed space: 641.4MB
Deleted Containers:
b5148577691cf7f7260395d024ded2d5dc17e9313f005d239d6d71c5c183aaf7
6430866844ad8f1565abd2c327c0932951b8260cfe52847c5db8792a864a8bd4
2c59f2264c97804a559138549dfd5632be518fe727028baf9ee12dfc7c55387e
589ab2eb73ad99d195678edbabb4d7742d3f0ede3b3aa91fb0db8c7f8592b6a9

Total reclaimed space: 1.518MB
Deleted Containers:
461ece6c610561f55786111b2cabb504fa9f3658b6438e08fce911474286bc2e
f107ad3e86e3c621e5b1e3303f00eeaa80f8e4bc62942f5ba1692bb25b1330c0
709a56238051e4306e59b4e22997b0f58c94418c8c459ef083e368d4ba858872
aa9a7c0f46838f73bbcdbd7528add09624dbfd5212b50f94363c1f0156299e75

Total reclaimed space: 1.518MB
Deleted Containers:
ce87524d2ec7dc7920631267e41fd2b52e59ea61e5d7b10b9d337af4c03a56eb
c20a079ff4fa062b5efb7bcf0013ff53d8213a500c3e46744f55da2b1b941551
b8ea1873e1093b4cdfdcc879b6f8ad289c76545cf0cd294834a448ffd18642ea

Total reclaimed space: 1.139MB
Deleted Containers:
b75af149c26189dd187e4b8289023fea18865bc22c5396bfd15882255fe659b8
c5cfcdfdc93838faaf449596703022704676281ef2c281f2450f5c1158be24b5
eb2b768515b09368bb317a76a6be5f8e37f4605d5b5421ed2f0c6b6d10a9f492
234e8b34979899d7b49d67405c933d94b4d9646a12847b664e17ad5f37840296

Total reclaimed space: 1.518MB
Deleted Containers:
33e3e9fef38a02af55bede656272d247e473561c201363abc82939914b2c2f11
e911dc035cab405eb9f9f57d322a2d2260707ad6009375a8a3ac9138450d404e
c67c06f206d563326df43e726407422633252cf6d7d4c78dcf0eab9371cd2bf4
d475d6c5d97df155741620d33f4543ce2161a796ac80ee8d62d0a61d8c3a7c44

Total reclaimed space: 1.139MB
Deleted Containers:
1fd86f57d6d355d0b7acc9fa1f780ece37154179c2700c263dc0d43f8c78ebd5
3eab7569220e205604c3de588e620d5ee401b575caf8249d80a4631820ec9f90
514b482222069dddebb83b537d8a71d1efda859078389a9c4756251ec54a49df
7175a73072175bb0154ba322097024e6d32ae85910df9e5aaffaadd095821cdd

Total reclaimed space: 1.518MB
Deleted Containers:
2b02a252b4bf84649cdc7022c4f2b9b1d13b8a110f0032c3cd924e02bf61f3d2
2be669baecaf62e8a59e2df4b4336c981ec9a74b546e1fb9113541639b9d6b9c
9e0d9c745cf8fb9ac32eff40ad35b5cb97a02a40296a83e630584eae60038bb8

Total reclaimed space: 1.139MB
Deleted Containers:
5aaa5ae518603bd224855141be6730fe9890fffc195888e5ebf3b65a0471b5bd
6d2602c358566f3d30e53f7bbec2b72b1eff2b16c944538412ecd01b79ae1632
95c943e7d9d1e1dca277c7793e37a3091662edaa653c7152f5bcfe94d3d51202
5b7bcc5718e300569cb98977f089d943d09b85a30334316aad5065f7e7f7f9b3
c1be22752b46241756fbb7ac1386ad7b0afc2cece008153785b38e2802ce4276
89f959297ab884302446d1ed1222dd13e885bd554fe30a22a3e95ccb10f4dec7
f548f8c1b8f337fc89b5bc9221439b3c5989de964bb13b78c6d62bd0d1a4656b
0cc97de044905928e243d12aff9847d9d89162fb8588320ea9292b6853825c7d
c166731c761f80192a7f85d0ec29f112a62de64a40f2c2342f7e63453285a4d3
6d6a481b85bcbff9d69dfa9f43963a73a98377ba67e56a78047623886bc6745c
1a2d24e728a68b32cc1e2abf11d111ab34a1f14111965bcc18943a245d708fd4
ec7460ac9603258281a396674fa812c33fb8d0b9bedbbb63abe21bd741bbad50

Total reclaimed space: 3.251MB
Deleted Containers:
a9a10f7454bdb8eab667f2f2d6908045530471e33539d380ba477dae5c6f4e2b
7b6367eebfbcffd19a428d18fc1d272eb639439ef0d34a1a8417c1efcb77528b
423ce66d635674da74a382c6209c923f4726da51080c8922332cce8a1eba9ba1
1e136e3f18f5ccc20a9e267daa7efad59efe9cead4dbf678b708341d2b9f912f

Total reclaimed space: 1.518MB
Deleted Containers:
c60560f715f1a5ed582d0ee1e49b53e142bf54e481e5281c714e63a2331ee117
ad9869ff57d6b8bad7218367423da7c51cb7b14f85dfaead5f5e68fd69c49465
e5dd25d3e2b3e82864dfacc261fa3792d4f5dad004891738b9fa8529c2cb80c8
e097681347ef8986637fba132c0135fb64bc9bb97cf7fcb45446fb0903ecc46a

Total reclaimed space: 1.518MB
Deleted Containers:
6d67a3fc28248ff6ff45c361825052c06e921477cc5e220d6820026b40a68fde
e20844c729ed7f212fc318d93fa8bfacb198f1126b95dc889f28de703ea856f4
9b23d94dab1b7ac443b9db75e2b3884c88d58fdb96c0849f8bdd166a62cae6e9
3b4356d124a2ef2705a382b41c99bebaeb78ac86cd4f0a753ab58cb9d0c8c130
33d511abf27430fb58e1925c0012aac966e314b1310bce8e219798549a352416
b283a95752427e0f9ed3ec620d29b4f9c88b4c707c2adc031e1887d2bc914dfb
de43b3fee635f8627d5e7d089489f801fdd45423543e5546271a3f456db16d55
dfcede8dafefa9c250edc789a2943cf26cf29ab67c03ef28c9848324cc618e92
841d766007b242f4fb1ed4c18b3700a9fde6ccf224540fbf93e7b7cb0a2ed60b
9188753ae56921f280c18a76c1da619529143292019e0e252a3bb85728b650e8
af473a2bf2f8ae80c809175424675a1eaf41fdfda679aa182317f6ff013751c2
632cfb661dc561d5df3f6bc6b9e685314ae3d1420e985786cfca504fe48d7ec5

Total reclaimed space: 4.548MB
Deleted Containers:
ceab871827b89baf44a7a66e514fc23a9fc4b04815c30d318a7e8c27e47a9708
2b1cd3e1652ac154e73042c0ef58876c2aaf09efa6ff03dc427e67ae5ac8d9f6
7bcd059199782fbdd574507ef03ddb1ac2fa27898678c8902d143d7e670a0652
e87f2cf8e67ece7d78921fb73f1b805dbccf0907b0e2eb0a3d065c8dae951e19
6ffec86813516f09ec999a398bba02cab4abf79857c186b4201132bc61c6dea6
9a250caf3ddab09afce66d22b277bbc63e58bf8d6286c7b87089e9d9cd3f3015
40dd944a1425f32de9388ff67ea3892d5e7fda790885424cf6218e0be02bd2d7
6d6698d3bab351603a856a0072a468cc631e2a22367c741ab1a4f804b0c46552
b858aed1ca02ba57c925a2bc625f6ac3f9ec51c105647225eadd9acae8c27fb0
aec2eb085a4454a3e6101df4bfa7dc72951f20f6898765a40c9276225484083f
bad858531954812f891ef8f1f3f912684cf8bcd32236da76d784a9be2229f0b4
1f6f525bbd4b52a24f10a3f1c93a1e55587c3ea1a6b57585769cf0b90ec7b5af

Total reclaimed space: 4.548MB
Deleted Containers:
bba6fe649f905a20f85cbec3f1a70e76fdfb3e5cca3ce410bcbd2021d6821a6b
ec74c597c268556631c5ddabeeebe799745c8e4809b4275337adc3db0629dc8f
75fe5f5faba7b6407557d2168f340a810d29584a603843eb98bb36abe8806fe4
eedcdb0e79ae0444dd0eadd983abae880421bfd96d1cbc9da01e839285cce05e
6c9f8ddf97c1d3e01e53bf5cc61c95f51e5e57307d2f0e2c84a41428b2533a7c
89ae09ed85337226f1b634c5fae1d6864cdc19cd6f72b9f07b467e9afaab1a98
8fa44af937f286bc1a71d63c5ecdba57ea4cd7233217e6e6208a1b37799bc4a7
6c24c14d55997206226899f51805ce32dd7d2347b59964d7c2787500a874cf79
a1be609fae8043c1fd2982911e2d1830e5c24e60fa7df9ff12edb0c9e42a03c9
c72db4e70933bcda4c5e7143bed14924ac72f666522454e8905a3eaecffaf7cc
b77894f419e089bc82435a006ff11da3e9adee2b56558333ac5a4857940eff9e
e1a15cf761133cb7b17902331c1c6a7872026972947b03bcc1ddb1ab6a925a42

Total reclaimed space: 4.548MB
Deleted Containers:
fcef3dc0fdac258fe3de7db3cafe93296181e7e1d8bf338dde0ae7fe16172b8e
ba912b8c757e4efa434392adacfef9447694e17c5bdd6ca357bae610ce03cf4f
142cf7cf5e2c15714f43e5e1d7405d18158cacba5027eaa8bf8e66db4aa42be3
f4bb74e6b6b3b2cbdec7fc06abf0d8fb1e6182b10afcbfba1330d95eb4d5d3d1
70648f99b4d2b168ff9044f1e40c8612b839973f87b7749ec05ca01fcf81bf96
037b08762453a0e3bee6cfe34b3c4afba070a1548bc2d189c81069eece944fc1
c6407881cd3b8a14c0487f93d0ce7b1659f477a9a60489ba1e52482002e4d7dd
00505dd465b821bbdb57c8476090e5eda7709fe20fc8cfb82746913ade3fcdf6
73f7cdd3a466b49df3d4ba6d96f6a2a1c1179affcc8ce1d5b95cd3ee85bed917
bfa7fb23ac2e7b2efe96b0b6185e46681f2bd6d1aa67917cc337daab239f398c
c7ebc0a02b41c4ec35591252671a77c0a0126335352f6b019bf38f3bb1272168
d58e64309ef463bb838ba26118f0969f21c0bb6a31491d0f603c72e9b1a3fdb5

Total reclaimed space: 4.548MB
Deleted Containers:
186da072f8d703cb705ff61e353a4af382e014273d8b89372455be08c1b131a7
e0914373282a79d3b26a721c3d72ea49e57a2db998e00df96583238bf6f20896
2745ced3843fc0bef18e3083e61869cf0ae1fdbca117d0f73f8ccd953783b9ed
b9930db4b9824ee43f31fd0efc93728020573810e85164a9ea6d659f1e0b162d
055eee596e77308d2c373c8ed9d8084443aa4d45210b638fc2b8a70f07d01c52
b2ee2eecb59da0d6d6e3db9a76b41bc2e0a72b2b1c061e8a7c6bac7fb85b31ae
05c1efc29da580811e4f900485c9a88ff1a8c4f2b22bde9dfe4df7b7fa965228
cfa8bb2d7e077fa0bd8d941d7506665ef1e5ee6e37bd275a11f99875f07b81b7
6f5c0157a452463988361561d928ddd01991c05b1ce7cc3faf439a92803ca265
88464bc95d1b5361f277cd71478fa5022f8397d1a73dca2c63a538fc7a7e4364
26aa4ecf63b48206888b78434f19318115b5cb147f3678a1f9327786d72636ec
698acd7ea6ec1f21067b0c6052286613b9155aa7dfbc56238f2347c9d9ae33c3

Total reclaimed space: 4.548MB
Deleted Containers:
d638ec5ea1ae3fb00eeb8d578a6dd8f1c02ff75a08947fc37c44be892c61d03b
c0b4d5f4cd3faa1c1c3754f7759d038ff7ac2b46296ec6a33d78b91fcf7796d4
46fc9e19678029158f06a4d7cb7334804e64743c319d9e348cb23dd0de4a0ab8
c4ca4cf34e8e45ae239af89e7d2b8ec801530cc0e9c5e78d6abefc23f03b90e7
4662e8f42e79ea52e4783a3d42550b16230599ffa63e5923c9e2e431e30952e0
7afb0a5bbd7119eda845f68a6cd652bd4ffb2e97c9cdf2094b6fe95752655bba
5b95eaf95d8959441c0c68f71ce23ccf5c1bb3f5cd4220c653f213a08868a804
c398cd77a2fe54e1661153621ac065d50be8203d61fe955b4b889475e6b91617
f2c586ac413d8e9974d9b6c0b9698108994c40022430365ed6189514f961b2c7
d0b21e0f07556f366c5757c6d1cc3116307349fd05d178d836bb263d88b499c9
7dc2fbd1d7ad5e973bd119b6e744bee8d58f926426b4be24960ec0f355ba7f5a
b535a4c8172c5dfce23e25ea265d5bf3e9f07a40bd36a3ba893d143e6c486036

Total reclaimed space: 4.548MB
Deleted Containers:
a987267384a2d8133a42b6f8d9b69cef8a9b78b3ddd65e080cf4cf7638aad237
1bf9feb6b508ea42af8468f0db20a961cc19ca9dcd6abb5dca67e20c80d9e0ad
b42493509656bb329a26d8fc53384ec2d6eff3e8c88ae0aa0d69e947ea8f1795
9e2521f1e96853f8cda3f7d7bfb892ff0407adc9726db4729c35062922292698
5da547d172307815c20559a668739e99ff66efa54e65e374b3e02c3b57fbe26a
936b251ef68b37672edc644b2e3f8cb3da78f94d8afbbc9417e1f6ae4a40b746
673c5aeef8fd0d4126ae653664d9112e42a35e3d13c5cd3499b2cb4bf0795396
dc9f89b4a74f8b73bf63368aaf5b227df310634d87819f3f9566960cba5d180f
63617b139bbe4c2938bcd41f3857d0667a658430a3a4a707806fd4835410a4d0
d86f6a52bf68f108bffe6a777c9b0522a5686743c3124c84119f50603651db24
b3c41d98e1f81746bc1403a62758295c30f528544f19ea8fb1a403ea302353b1
cd5dfcbf8d2b6ca05a1774e19a058ef5dfaf795f27d59085e360b307b1063fb2

Total reclaimed space: 4.548MB
Deleted Containers:
1faba26e4351508243a73d414f64a099937af401fc98019881b25a7d5b5fb961
a7d5455caf36b6e4d8685c94d2d1b505a4572d5e1dfe158ee1d5eb4bcd0a2e2c
5b3a66fa70ffdc696c77cc93a6acf532551ae39b2db5c8f00674d255c0b48477
ade248f6c552c1b4c5dad35e1650254d05ad868e7f347b036a31863c0a6f674f
9a417471ce1291b0e7f4f1b29f22313eaf92a47f924eab542de155fe1c7441c4
6ee7c5c9166152d124f5b94de753c038ff3f2103c5ee0e6e8c26f3380819f23c
f9ebb062d27875eb515cc6f6127b9731e3a81fe40bc41eaea14ddf4105f27da2
6b872270807f51220fd30d9387993505bcec7911b7bcfc7e3b4f32f76bca35cc
4ec7276d76bab22cf015b0308f8753455a696ab95bc9a0b88aca1aa7d806db1c
7595bf93e13ca2c990e17509de7948df6aafac4384629d7f96222fa5e587bd86
944c87ce9c7bf6904565dc08fed88f9037ed23494d6748228a1745cb78e5842e
4574b6be5c1d4d9d71fd4b03a271f23b2340f86b206e45367d4cb9591b1e23a7

Total reclaimed space: 4.548MB
